<?xml version="1.0" encoding="UTF-8"?>
<robot generator="Robot 7.4.2 (Python 3.12.7 on win32)" generated="2026-03-22T12:37:30.267633" rpa="false" schemaversion="5">
<suite id="s1" name="Test6" source="C:\Users\berka\PycharmProjects\RobotFramework\tests\test6.robot">
<test id="s1-t1" name="Validate Cards display in the shopping page" line="21">
<kw name="Open the browser with the url" owner="resource" type="SETUP">
<kw name="Open Browser" owner="SeleniumLibrary">
<msg time="2026-03-22T12:37:31.012152" level="INFO">Opening browser 'Chrome' to base url 'https://rahulshettyacademy.com/loginpagePractise/'.</msg>
<arg>${url}</arg>
<arg>Chrome</arg>
<arg>options=add_experimental_option("detach",True)</arg>
<doc>Opens a new browser instance to the optional ``url``.</doc>
<status status="PASS" start="2026-03-22T12:37:31.012152" elapsed="10.815596"/>
</kw>
<status status="PASS" start="2026-03-22T12:37:31.008118" elapsed="10.820648"/>
</kw>
<kw name="Fill the login form">
<kw name="Input Text" owner="SeleniumLibrary">
<msg time="2026-03-22T12:37:41.835086" level="INFO">Typing text 'rahulshettyacademy' into text field 'id:username'.</msg>
<arg>id:username</arg>
<arg>${username}</arg>
<doc>Types the given ``text`` into the text field identified by ``locator``.</doc>
<status status="PASS" start="2026-03-22T12:37:41.830982" elapsed="0.401717"/>
</kw>
<kw name="Input Password" owner="SeleniumLibrary">
<msg time="2026-03-22T12:37:42.236584" level="INFO">Typing password into text field 'id:password'.</msg>
<msg time="2026-03-22T12:37:42.354971" level="INFO">Temporally setting log level to: NONE</msg>
<arg>id:password</arg>
<arg>${password}</arg>
<doc>Types the given password into the text field identified by ``locator``.</doc>
<status status="PASS" start="2026-03-22T12:37:42.235428" elapsed="0.378506"/>
</kw>
<kw name="Click Button" owner="SeleniumLibrary">
<msg time="2026-03-22T12:37:42.614962" level="INFO">Clicking button 'signInBtn'.</msg>
<arg>signInBtn</arg>
<doc>Clicks the button identified by ``locator``.</doc>
<status status="PASS" start="2026-03-22T12:37:42.614962" elapsed="0.303623"/>
</kw>
<arg>${valid_username}</arg>
<arg>${valid_password}</arg>
<status status="PASS" start="2026-03-22T12:37:41.828766" elapsed="1.091867"/>
</kw>
<kw name="wait until element is located">
<kw name="Wait Until Element Is Visible" owner="SeleniumLibrary">
<arg>${element}</arg>
<doc>Waits until the element ``locator`` is visible.</doc>
<status status="PASS" start="2026-03-22T12:37:42.924513" elapsed="5.194889"/>
</kw>
<arg>${Shop_page_load}</arg>
<status status="PASS" start="2026-03-22T12:37:42.922479" elapsed="5.196923"/>
</kw>
<kw name="Verify card titles">
<kw name="Create List" owner="BuiltIn">
<msg time="2026-03-22T12:37:48.124743" level="INFO">@{expectedList} = [ iphone X | Samsung Note 8 | Nokia Edge | Blackberry ]</msg>
<var>@{expectedList}</var>
<arg>iphone X</arg>
<arg>Samsung Note 8</arg>
<arg>Nokia Edge</arg>
<arg>Blackberry</arg>
<doc>Returns a list containing given items.</doc>
<status status="PASS" start="2026-03-22T12:37:48.123727" elapsed="0.001016"/>
</kw>
<kw name="Get WebElements" owner="SeleniumLibrary">
<msg time="2026-03-22T12:37:48.168282" level="INFO">@{elements} = [ &lt;selenium.webdriver.remote.webelement.WebElement (session="0609789f53d6bf6b3eeae5c15fb5ff27", element="f.EFB9B2F647D970C56B5C3BC66B5600C4.d.67D0C41B0D48D3931996925AC165FAE5.e.58")&gt; | &lt;selenium.webdr...</msg>
<var>@{elements}</var>
<arg>css=.card-title</arg>
<doc>Returns a list of WebElement objects matching the ``locator``.</doc>
<status status="PASS" start="2026-03-22T12:37:48.125973" elapsed="0.042309"/>
</kw>
<kw name="Create List" owner="BuiltIn">
<msg time="2026-03-22T12:37:48.168282" level="INFO">@{actualList} = [ ]</msg>
<var>@{actualList}</var>
<doc>Returns a list containing given items.</doc>
<status status="PASS" start="2026-03-22T12:37:48.168282" elapsed="0.000000"/>
</kw>
<for flavor="IN">
<iter>
<kw name="Log" owner="BuiltIn">
<msg time="2026-03-22T12:37:48.197983" level="INFO">iphone X</msg>
<arg>${element.text}</arg>
<doc>Logs the given message with the given level.</doc>
<status status="PASS" start="2026-03-22T12:37:48.170292" elapsed="0.027691"/>
</kw>
<kw name="Append To List" owner="Collections">
<arg>${actualList}</arg>
<arg>${element.text}</arg>
<doc>Adds ``values`` to the end of ``list``.</doc>
<status status="PASS" start="2026-03-22T12:37:48.197983" elapsed="0.029718"/>
</kw>
<var name="${element}">&lt;selenium.webdriver.remote.webelement.WebElement (session="0609789f53d6bf6b3eeae5c15fb5ff27", element="f.EFB9B2F647D970C56B5C3BC66B5600C4.d.67D0C41B0D48D3931996925AC165FAE5.e.58")&gt;</var>
<status status="PASS" start="2026-03-22T12:37:48.170292" elapsed="0.057409"/>
</iter>
<iter>
<kw name="Log" owner="BuiltIn">
<msg time="2026-03-22T12:37:48.250875" level="INFO">Samsung Note 8</msg>
<arg>${element.text}</arg>
<doc>Logs the given message with the given level.</doc>
<status status="PASS" start="2026-03-22T12:37:48.227701" elapsed="0.023746"/>
</kw>
<kw name="Append To List" owner="Collections">
<arg>${actualList}</arg>
<arg>${element.text}</arg>
<doc>Adds ``values`` to the end of ``list``.</doc>
<status status="PASS" start="2026-03-22T12:37:48.251447" elapsed="0.019593"/>
</kw>
<var name="${element}">&lt;selenium.webdriver.remote.webelement.WebElement (session="0609789f53d6bf6b3eeae5c15fb5ff27", element="f.EFB9B2F647D970C56B5C3BC66B5600C4.d.67D0C41B0D48D3931996925AC165FAE5.e.59")&gt;</var>
<status status="PASS" start="2026-03-22T12:37:48.227701" elapsed="0.043339"/>
</iter>
<iter>
<kw name="Log" owner="BuiltIn">
<msg time="2026-03-22T12:37:48.293091" level="INFO">Nokia Edge</msg>
<arg>${element.text}</arg>
<doc>Logs the given message with the given level.</doc>
<status status="PASS" start="2026-03-22T12:37:48.271040" elapsed="0.022051"/>
</kw>
<kw name="Append To List" owner="Collections">
<arg>${actualList}</arg>
<arg>${element.text}</arg>
<doc>Adds ``values`` to the end of ``list``.</doc>
<status status="PASS" start="2026-03-22T12:37:48.293091" elapsed="0.021815"/>
</kw>
<var name="${element}">&lt;selenium.webdriver.remote.webelement.WebElement (session="0609789f53d6bf6b3eeae5c15fb5ff27", element="f.EFB9B2F647D970C56B5C3BC66B5600C4.d.67D0C41B0D48D3931996925AC165FAE5.e.60")&gt;</var>
<status status="PASS" start="2026-03-22T12:37:48.271040" elapsed="0.043866"/>
</iter>
<iter>
<kw name="Log" owner="BuiltIn">
<msg time="2026-03-22T12:37:48.337334" level="INFO">Blackberry</msg>
<arg>${element.text}</arg>
<doc>Logs the given message with the given level.</doc>
<status status="PASS" start="2026-03-22T12:37:48.314906" elapsed="0.022428"/>
</kw>
<kw name="Append To List" owner="Collections">
<arg>${actualList}</arg>
<arg>${element.text}</arg>
<doc>Adds ``values`` to the end of ``list``.</doc>
<status status="PASS" start="2026-03-22T12:37:48.337334" elapsed="0.020311"/>
</kw>
<var name="${element}">&lt;selenium.webdriver.remote.webelement.WebElement (session="0609789f53d6bf6b3eeae5c15fb5ff27", element="f.EFB9B2F647D970C56B5C3BC66B5600C4.d.67D0C41B0D48D3931996925AC165FAE5.e.61")&gt;</var>
<status status="PASS" start="2026-03-22T12:37:48.314906" elapsed="0.042739"/>
</iter>
<var>${element}</var>
<value>@{elements}</value>
<status status="PASS" start="2026-03-22T12:37:48.168282" elapsed="0.189363"/>
</for>
<kw name="Lists Should Be Equal" owner="Collections">
<arg>${expectedList}</arg>
<arg>${actualList}</arg>
<doc>Fails if given lists are unequal.</doc>
<status status="PASS" start="2026-03-22T12:37:48.357645" elapsed="0.002662"/>
</kw>
<status status="PASS" start="2026-03-22T12:37:48.121414" elapsed="0.238893"/>
</kw>
<kw name="Hello World" owner="Shop">
<msg time="2026-03-22T12:37:48.360307" level="INFO">Hello</msg>
<status status="PASS" start="2026-03-22T12:37:48.360307" elapsed="0.000000"/>
</kw>
<kw name="Select the Card">
<kw name="Click Button" owner="SeleniumLibrary">
<msg time="2026-03-22T12:37:48.363274" level="INFO">Clicking button 'xpath=//*[.='Blackberry']/../../..//button'.</msg>
<arg>xpath=//*[.='${cardName}']/../../..//button</arg>
<doc>Clicks the button identified by ``locator``.</doc>
<status status="PASS" start="2026-03-22T12:37:48.360307" elapsed="0.228663"/>
</kw>
<arg>Blackberry</arg>
<status status="PASS" start="2026-03-22T12:37:48.360307" elapsed="0.228663"/>
</kw>
<kw name="Close Browser" owner="SeleniumLibrary" type="TEARDOWN">
<doc>Closes the current browser.</doc>
<status status="PASS" start="2026-03-22T12:37:48.590705" elapsed="2.588660"/>
</kw>
<status status="PASS" start="2026-03-22T12:37:31.005590" elapsed="20.173775"/>
</test>
<doc>Validate the login form</doc>
<status status="PASS" start="2026-03-22T12:37:30.271417" elapsed="20.912854"/>
</suite>
<statistics>
<total>
<stat pass="1" fail="0" skip="0">All Tests</stat>
</total>
<tag>
</tag>
<suite>
<stat name="Test6" id="s1" pass="1" fail="0" skip="0">Test6</stat>
</suite>
</statistics>
<errors>
</errors>
</robot>
